<?xml version="1.0" encoding="UTF-8"?>
<coverage generated="1611515779495" clover="3.2.0">
  <project timestamp="1611515779496" name="All files">
    <metrics statements="45" coveredstatements="45" conditionals="24" coveredconditionals="17" methods="5" coveredmethods="5" elements="74" coveredelements="67" complexity="0" loc="45" ncloc="45" packages="1" files="3" classes="3"/>
    <file name="anagrams.js" path="/home/xylia/Documents/Develop/Data Strcture/anagrams.js">
      <metrics statements="20" coveredstatements="20" conditionals="20" coveredconditionals="13" methods="2" coveredmethods="2"/>
      <line num="21" count="1" type="cond" truecount="1" falsecount="1"/>
      <line num="22" count="1" type="stmt"/>
      <line num="23" count="1" type="stmt"/>
      <line num="24" count="1" type="stmt"/>
      <line num="25" count="7" type="cond" truecount="2" falsecount="0"/>
      <line num="27" count="1" type="stmt"/>
      <line num="28" count="7" type="cond" truecount="2" falsecount="0"/>
      <line num="31" count="1" type="stmt"/>
      <line num="33" count="5" type="cond" truecount="1" falsecount="1"/>
      <line num="34" count="5" type="cond" truecount="1" falsecount="1"/>
      <line num="36" count="1" type="stmt"/>
      <line num="40" count="6" type="cond" truecount="2" falsecount="0"/>
      <line num="41" count="5" type="stmt"/>
      <line num="42" count="5" type="stmt"/>
      <line num="43" count="22" type="cond" truecount="2" falsecount="0"/>
      <line num="45" count="5" type="stmt"/>
      <line num="47" count="22" type="cond" truecount="2" falsecount="0"/>
      <line num="48" count="21" type="stmt"/>
      <line num="50" count="4" type="stmt"/>
      <line num="53" count="1" type="stmt"/>
    </file>
    <file name="arrayManipulation.js" path="/home/xylia/Documents/Develop/Data Strcture/arrayManipulation.js">
      <metrics statements="14" coveredstatements="14" conditionals="2" coveredconditionals="2" methods="2" coveredmethods="2"/>
      <line num="2" count="5" type="stmt"/>
      <line num="3" count="1" type="stmt"/>
      <line num="4" count="3" type="stmt"/>
      <line num="5" count="3" type="stmt"/>
      <line num="6" count="3" type="stmt"/>
      <line num="7" count="3" type="stmt"/>
      <line num="8" count="3" type="cond" truecount="2" falsecount="0"/>
      <line num="11" count="1" type="stmt"/>
      <line num="12" count="1" type="stmt"/>
      <line num="13" count="1" type="stmt"/>
      <line num="14" count="6" type="stmt"/>
      <line num="15" count="6" type="stmt"/>
      <line num="18" count="1" type="stmt"/>
      <line num="21" count="1" type="stmt"/>
    </file>
    <file name="maxSubarraySum.js" path="/home/xylia/Documents/Develop/Data Strcture/maxSubarraySum.js">
      <metrics statements="11" coveredstatements="11" conditionals="2" coveredconditionals="2" methods="1" coveredmethods="1"/>
      <line num="18" count="3" type="cond" truecount="2" falsecount="0"/>
      <line num="20" count="1" type="stmt"/>
      <line num="21" count="1" type="stmt"/>
      <line num="23" count="1" type="stmt"/>
      <line num="24" count="2" type="stmt"/>
      <line num="26" count="1" type="stmt"/>
      <line num="27" count="1" type="stmt"/>
      <line num="28" count="2" type="stmt"/>
      <line num="29" count="2" type="stmt"/>
      <line num="32" count="1" type="stmt"/>
      <line num="35" count="1" type="stmt"/>
    </file>
  </project>
</coverage>
