{"/home/xylia/Documents/Develop/Data Strcture/anagrams.js": {"path":"/home/xylia/Documents/Develop/Data Strcture/anagrams.js","statementMap":{"0":{"start":{"line":21,"column":2},"end":{"line":21,"column":48}},"1":{"start":{"line":21,"column":35},"end":{"line":21,"column":48}},"2":{"start":{"line":22,"column":17},"end":{"line":22,"column":19}},"3":{"start":{"line":23,"column":17},"end":{"line":23,"column":19}},"4":{"start":{"line":24,"column":2},"end":{"line":26,"column":3}},"5":{"start":{"line":25,"column":4},"end":{"line":25,"column":51}},"6":{"start":{"line":27,"column":2},"end":{"line":29,"column":3}},"7":{"start":{"line":28,"column":4},"end":{"line":28,"column":51}},"8":{"start":{"line":31,"column":2},"end":{"line":35,"column":3}},"9":{"start":{"line":33,"column":4},"end":{"line":33,"column":65}},"10":{"start":{"line":33,"column":52},"end":{"line":33,"column":65}},"11":{"start":{"line":34,"column":4},"end":{"line":34,"column":54}},"12":{"start":{"line":34,"column":41},"end":{"line":34,"column":54}},"13":{"start":{"line":36,"column":2},"end":{"line":36,"column":14}},"14":{"start":{"line":40,"column":2},"end":{"line":40,"column":48}},"15":{"start":{"line":40,"column":35},"end":{"line":40,"column":48}},"16":{"start":{"line":41,"column":15},"end":{"line":41,"column":17}},"17":{"start":{"line":42,"column":2},"end":{"line":44,"column":3}},"18":{"start":{"line":43,"column":4},"end":{"line":43,"column":47}},"19":{"start":{"line":45,"column":2},"end":{"line":49,"column":3}},"20":{"start":{"line":47,"column":4},"end":{"line":47,"column":38}},"21":{"start":{"line":47,"column":25},"end":{"line":47,"column":38}},"22":{"start":{"line":48,"column":4},"end":{"line":48,"column":24}},"23":{"start":{"line":50,"column":2},"end":{"line":50,"column":14}},"24":{"start":{"line":53,"column":0},"end":{"line":53,"column":56}}},"fnMap":{"0":{"name":"validAnagram","decl":{"start":{"line":20,"column":9},"end":{"line":20,"column":21}},"loc":{"start":{"line":20,"column":44},"end":{"line":37,"column":1}},"line":20},"1":{"name":"refactorValidAnagram","decl":{"start":{"line":39,"column":9},"end":{"line":39,"column":29}},"loc":{"start":{"line":39,"column":52},"end":{"line":51,"column":1}},"line":39}},"branchMap":{"0":{"loc":{"start":{"line":20,"column":22},"end":{"line":20,"column":31}},"type":"default-arg","locations":[{"start":{"line":20,"column":29},"end":{"line":20,"column":31}}],"line":20},"1":{"loc":{"start":{"line":20,"column":33},"end":{"line":20,"column":42}},"type":"default-arg","locations":[{"start":{"line":20,"column":40},"end":{"line":20,"column":42}}],"line":20},"2":{"loc":{"start":{"line":21,"column":2},"end":{"line":21,"column":48}},"type":"if","locations":[{"start":{"line":21,"column":2},"end":{"line":21,"column":48}},{"start":{"line":21,"column":2},"end":{"line":21,"column":48}}],"line":21},"3":{"loc":{"start":{"line":25,"column":24},"end":{"line":25,"column":45}},"type":"binary-expr","locations":[{"start":{"line":25,"column":24},"end":{"line":25,"column":40}},{"start":{"line":25,"column":44},"end":{"line":25,"column":45}}],"line":25},"4":{"loc":{"start":{"line":28,"column":24},"end":{"line":28,"column":45}},"type":"binary-expr","locations":[{"start":{"line":28,"column":24},"end":{"line":28,"column":40}},{"start":{"line":28,"column":44},"end":{"line":28,"column":45}}],"line":28},"5":{"loc":{"start":{"line":33,"column":4},"end":{"line":33,"column":65}},"type":"if","locations":[{"start":{"line":33,"column":4},"end":{"line":33,"column":65}},{"start":{"line":33,"column":4},"end":{"line":33,"column":65}}],"line":33},"6":{"loc":{"start":{"line":34,"column":4},"end":{"line":34,"column":54}},"type":"if","locations":[{"start":{"line":34,"column":4},"end":{"line":34,"column":54}},{"start":{"line":34,"column":4},"end":{"line":34,"column":54}}],"line":34},"7":{"loc":{"start":{"line":39,"column":30},"end":{"line":39,"column":39}},"type":"default-arg","locations":[{"start":{"line":39,"column":37},"end":{"line":39,"column":39}}],"line":39},"8":{"loc":{"start":{"line":39,"column":41},"end":{"line":39,"column":50}},"type":"default-arg","locations":[{"start":{"line":39,"column":48},"end":{"line":39,"column":50}}],"line":39},"9":{"loc":{"start":{"line":40,"column":2},"end":{"line":40,"column":48}},"type":"if","locations":[{"start":{"line":40,"column":2},"end":{"line":40,"column":48}},{"start":{"line":40,"column":2},"end":{"line":40,"column":48}}],"line":40},"10":{"loc":{"start":{"line":43,"column":22},"end":{"line":43,"column":41}},"type":"binary-expr","locations":[{"start":{"line":43,"column":22},"end":{"line":43,"column":36}},{"start":{"line":43,"column":40},"end":{"line":43,"column":41}}],"line":43},"11":{"loc":{"start":{"line":47,"column":4},"end":{"line":47,"column":38}},"type":"if","locations":[{"start":{"line":47,"column":4},"end":{"line":47,"column":38}},{"start":{"line":47,"column":4},"end":{"line":47,"column":38}}],"line":47}},"s":{"0":1,"1":0,"2":1,"3":1,"4":1,"5":7,"6":1,"7":7,"8":1,"9":5,"10":0,"11":5,"12":0,"13":1,"14":6,"15":1,"16":5,"17":5,"18":22,"19":5,"20":22,"21":1,"22":21,"23":4,"24":1},"f":{"0":1,"1":6},"b":{"0":[0],"1":[0],"2":[0,1],"3":[7,5],"4":[7,5],"5":[0,5],"6":[0,5],"7":[0],"8":[0],"9":[1,5],"10":[22,19],"11":[1,21]},"_coverageSchema":"1a1c01bbd47fc00a2c39e90264f33305004495a9","hash":"9d17f078885f8fe3a6d96fdc83a4677d8f169c38"}
,"/home/xylia/Documents/Develop/Data Strcture/arrayManipulation.js": {"path":"/home/xylia/Documents/Develop/Data Strcture/arrayManipulation.js","statementMap":{"0":{"start":{"line":2,"column":17},"end":{"line":2,"column":51}},"1":{"start":{"line":2,"column":49},"end":{"line":2,"column":50}},"2":{"start":{"line":3,"column":2},"end":{"line":9,"column":3}},"3":{"start":{"line":4,"column":12},"end":{"line":4,"column":20}},"4":{"start":{"line":5,"column":12},"end":{"line":5,"column":20}},"5":{"start":{"line":6,"column":12},"end":{"line":6,"column":20}},"6":{"start":{"line":7,"column":4},"end":{"line":7,"column":42}},"7":{"start":{"line":8,"column":4},"end":{"line":8,"column":41}},"8":{"start":{"line":11,"column":12},"end":{"line":11,"column":13}},"9":{"start":{"line":12,"column":12},"end":{"line":12,"column":13}},"10":{"start":{"line":13,"column":2},"end":{"line":16,"column":3}},"11":{"start":{"line":14,"column":4},"end":{"line":14,"column":14}},"12":{"start":{"line":15,"column":4},"end":{"line":15,"column":29}},"13":{"start":{"line":18,"column":2},"end":{"line":18,"column":13}},"14":{"start":{"line":21,"column":0},"end":{"line":21,"column":39}}},"fnMap":{"0":{"name":"arrayManipulation","decl":{"start":{"line":1,"column":9},"end":{"line":1,"column":26}},"loc":{"start":{"line":1,"column":39},"end":{"line":19,"column":1}},"line":1},"1":{"name":"(anonymous_1)","decl":{"start":{"line":2,"column":42},"end":{"line":2,"column":43}},"loc":{"start":{"line":2,"column":49},"end":{"line":2,"column":50}},"line":2}},"branchMap":{"0":{"loc":{"start":{"line":8,"column":19},"end":{"line":8,"column":35}},"type":"binary-expr","locations":[{"start":{"line":8,"column":19},"end":{"line":8,"column":30}},{"start":{"line":8,"column":34},"end":{"line":8,"column":35}}],"line":8}},"s":{"0":1,"1":5,"2":1,"3":3,"4":3,"5":3,"6":3,"7":3,"8":1,"9":1,"10":1,"11":6,"12":6,"13":1,"14":1},"f":{"0":1,"1":5},"b":{"0":[3,3]},"_coverageSchema":"1a1c01bbd47fc00a2c39e90264f33305004495a9","hash":"d5e202ab7bb4a0e14088d55ffc1059dd556a3063"}
,"/home/xylia/Documents/Develop/Data Strcture/maxSubarraySum.js": {"path":"/home/xylia/Documents/Develop/Data Strcture/maxSubarraySum.js","statementMap":{"0":{"start":{"line":18,"column":2},"end":{"line":18,"column":34}},"1":{"start":{"line":18,"column":22},"end":{"line":18,"column":34}},"2":{"start":{"line":20,"column":15},"end":{"line":20,"column":16}},"3":{"start":{"line":21,"column":16},"end":{"line":21,"column":17}},"4":{"start":{"line":23,"column":2},"end":{"line":25,"column":3}},"5":{"start":{"line":23,"column":15},"end":{"line":23,"column":16}},"6":{"start":{"line":24,"column":4},"end":{"line":24,"column":21}},"7":{"start":{"line":26,"column":2},"end":{"line":26,"column":19}},"8":{"start":{"line":27,"column":2},"end":{"line":30,"column":3}},"9":{"start":{"line":27,"column":15},"end":{"line":27,"column":16}},"10":{"start":{"line":28,"column":4},"end":{"line":28,"column":44}},"11":{"start":{"line":29,"column":4},"end":{"line":29,"column":39}},"12":{"start":{"line":32,"column":2},"end":{"line":32,"column":16}},"13":{"start":{"line":35,"column":0},"end":{"line":35,"column":36}}},"fnMap":{"0":{"name":"maxSubarraySum","decl":{"start":{"line":17,"column":9},"end":{"line":17,"column":23}},"loc":{"start":{"line":17,"column":32},"end":{"line":33,"column":1}},"line":17}},"branchMap":{"0":{"loc":{"start":{"line":18,"column":2},"end":{"line":18,"column":34}},"type":"if","locations":[{"start":{"line":18,"column":2},"end":{"line":18,"column":34}},{"start":{"line":18,"column":2},"end":{"line":18,"column":34}}],"line":18}},"s":{"0":3,"1":2,"2":1,"3":1,"4":1,"5":1,"6":2,"7":1,"8":1,"9":1,"10":2,"11":2,"12":1,"13":1},"f":{"0":3},"b":{"0":[2,1]},"_coverageSchema":"1a1c01bbd47fc00a2c39e90264f33305004495a9","hash":"9a9e41d9e5bfe691a9d27387aced3d502aa6a8db"}
}
