TN:
SF:anagrams.js
FN:20,validAnagram
FN:39,refactorValidAnagram
FNF:2
FNH:2
FNDA:1,validAnagram
FNDA:6,refactorValidAnagram
DA:21,1
DA:22,1
DA:23,1
DA:24,1
DA:25,7
DA:27,1
DA:28,7
DA:31,1
DA:33,5
DA:34,5
DA:36,1
DA:40,6
DA:41,5
DA:42,5
DA:43,22
DA:45,5
DA:47,22
DA:48,21
DA:50,4
DA:53,1
LF:20
LH:20
BRDA:20,0,0,0
BRDA:20,1,0,0
BRDA:21,2,0,0
BRDA:21,2,1,1
BRDA:25,3,0,7
BRDA:25,3,1,5
BRDA:28,4,0,7
BRDA:28,4,1,5
BRDA:33,5,0,0
BRDA:33,5,1,5
BRDA:34,6,0,0
BRDA:34,6,1,5
BRDA:39,7,0,0
BRDA:39,8,0,0
BRDA:40,9,0,1
BRDA:40,9,1,5
BRDA:43,10,0,22
BRDA:43,10,1,19
BRDA:47,11,0,1
BRDA:47,11,1,21
BRF:20
BRH:13
end_of_record
TN:
SF:arrayManipulation.js
FN:1,arrayManipulation
FN:2,(anonymous_1)
FNF:2
FNH:2
FNDA:1,arrayManipulation
FNDA:5,(anonymous_1)
DA:2,5
DA:3,1
DA:4,3
DA:5,3
DA:6,3
DA:7,3
DA:8,3
DA:11,1
DA:12,1
DA:13,1
DA:14,6
DA:15,6
DA:18,1
DA:21,1
LF:14
LH:14
BRDA:8,0,0,3
BRDA:8,0,1,3
BRF:2
BRH:2
end_of_record
TN:
SF:maxSubarraySum.js
FN:17,maxSubarraySum
FNF:1
FNH:1
FNDA:3,maxSubarraySum
DA:18,3
DA:20,1
DA:21,1
DA:23,1
DA:24,2
DA:26,1
DA:27,1
DA:28,2
DA:29,2
DA:32,1
DA:35,1
LF:11
LH:11
BRDA:18,0,0,2
BRDA:18,0,1,1
BRF:2
BRH:2
end_of_record
